This file contains any messages produced by compilers while
running configure, to aid debugging if configure makes a mistake.

It was created by md5 configure 1.3.0, which was
generated by GNU Autoconf 2.61.  Invocation command line was

  $ ./configure 

## --------- ##
## Platform. ##
## --------- ##

hostname = nazgul
uname -m = x86_64
uname -r = 3.4.9-gentoo
uname -s = Linux
uname -v = #8 SMP PREEMPT Thu Nov 1 13:23:52 CET 2012

/usr/bin/uname -p = AMD Athlon(tm) 64 X2 Dual Core Processor 5600+
/bin/uname -X     = unknown

/bin/arch              = unknown
/usr/bin/arch -k       = unknown
/usr/convex/getsysinfo = unknown
/usr/bin/hostinfo      = unknown
/bin/machine           = unknown
/usr/bin/oslevel       = unknown
/bin/universe          = unknown

PATH: /usr/local/bin
PATH: /usr/bin
PATH: /bin
PATH: /opt/bin
PATH: /usr/x86_64-pc-linux-gnu/gcc-bin/4.5.4
PATH: /opt/blackdown-jdk-1.4.2.03/bin
PATH: /opt/blackdown-jdk-1.4.2.03/jre/bin
PATH: /opt/firebird/bin
PATH: /usr/lib64/subversion/bin
PATH: /usr/games/bin
PATH: /opt/cuda/bin
PATH: /home/pawel/bin
PATH: /home/pawel/bin/gry
PATH: /home/pawel/bin
PATH: /home/pawel/bin/gry


## ----------- ##
## Core tests. ##
## ----------- ##

configure:1658: configurations for the md5 library
configure:1712: checking for gcc
configure:1728: found /usr/bin/gcc
configure:1739: result: gcc
configure:1977: checking for C compiler version
configure:1984: gcc --version >&5
gcc (Gentoo 4.5.4 p1.0, pie-0.4.7) 4.5.4
Copyright (C) 2010 Free Software Foundation, Inc.
This is free software; see the source for copying conditions.  There is NO
warranty; not even for MERCHANTABILITY or FITNESS FOR A PARTICULAR PURPOSE.

configure:1987: $? = 0
configure:1994: gcc -v >&5
Using built-in specs.
COLLECT_GCC=/usr/x86_64-pc-linux-gnu/gcc-bin/4.5.4/gcc
COLLECT_LTO_WRAPPER=/usr/libexec/gcc/x86_64-pc-linux-gnu/4.5.4/lto-wrapper
Target: x86_64-pc-linux-gnu
Configured with: /tmp/portage/sys-devel/gcc-4.5.4/work/gcc-4.5.4/configure --prefix=/usr --bindir=/usr/x86_64-pc-linux-gnu/gcc-bin/4.5.4 --includedir=/usr/lib/gcc/x86_64-pc-linux-gnu/4.5.4/include --datadir=/usr/share/gcc-data/x86_64-pc-linux-gnu/4.5.4 --mandir=/usr/share/gcc-data/x86_64-pc-linux-gnu/4.5.4/man --infodir=/usr/share/gcc-data/x86_64-pc-linux-gnu/4.5.4/info --with-gxx-include-dir=/usr/lib/gcc/x86_64-pc-linux-gnu/4.5.4/include/g++-v4 --host=x86_64-pc-linux-gnu --build=x86_64-pc-linux-gnu --disable-altivec --disable-fixed-point --without-ppl --without-cloog --disable-lto --enable-nls --without-included-gettext --with-system-zlib --enable-obsolete --disable-werror --enable-secureplt --enable-multilib --enable-libmudflap --disable-libssp --enable-libgomp --with-python-dir=/share/gcc-data/x86_64-pc-linux-gnu/4.5.4/python --enable-checking=release --enable-java-awt=gtk --enable-objc-gc --enable-languages=c,c++,java,objc,obj-c++,fortran --enable-shared --enable-threads=posix --enable-__cxa_atexit --enable-clocale=gnu --enable-targets=all --with-bugurl=http://bugs.gentoo.org/ --with-pkgversion='Gentoo 4.5.4 p1.0, pie-0.4.7'
Thread model: posix
gcc version 4.5.4 (Gentoo 4.5.4 p1.0, pie-0.4.7) 
configure:1997: $? = 0
configure:2004: gcc -V >&5
gcc: '-V' option must have argument
configure:2007: $? = 1
configure:2030: checking for C compiler default output file name
configure:2057: gcc    conftest.c  >&5
configure:2060: $? = 0
configure:2098: result: a.out
configure:2115: checking whether the C compiler works
configure:2125: ./a.out
configure:2128: $? = 0
configure:2145: result: yes
configure:2152: checking whether we are cross compiling
configure:2154: result: no
configure:2157: checking for suffix of executables
configure:2164: gcc -o conftest    conftest.c  >&5
configure:2167: $? = 0
configure:2191: result: 
configure:2197: checking for suffix of object files
configure:2223: gcc -c   conftest.c >&5
configure:2226: $? = 0
configure:2249: result: o
configure:2253: checking whether we are using the GNU C compiler
configure:2282: gcc -c   conftest.c >&5
configure:2288: $? = 0
configure:2305: result: yes
configure:2310: checking whether gcc accepts -g
configure:2340: gcc -c -g  conftest.c >&5
configure:2346: $? = 0
configure:2445: result: yes
configure:2462: checking for gcc option to accept ISO C89
configure:2536: gcc  -c -g -O2  conftest.c >&5
configure:2542: $? = 0
configure:2565: result: none needed
configure:2628: checking for a BSD-compatible install
configure:2684: result: /usr/bin/install -c
configure:2738: checking for ranlib
configure:2754: found /usr/bin/ranlib
configure:2765: result: ranlib
configure:2799: checking how to run the C preprocessor
configure:2839: gcc -E  conftest.c
configure:2845: $? = 0
configure:2876: gcc -E  conftest.c
conftest.c:8:28: fatal error: ac_nonexistent.h: No such file or directory
compilation terminated.
configure:2882: $? = 1
configure: failed program was:
| /* confdefs.h.  */
| #define PACKAGE_NAME "md5"
| #define PACKAGE_TARNAME "md5"
| #define PACKAGE_VERSION "1.3.0"
| #define PACKAGE_STRING "md5 1.3.0"
| #define PACKAGE_BUGREPORT "http://256.com/sources/md5/"
| /* end confdefs.h.  */
| #include <ac_nonexistent.h>
configure:2915: result: gcc -E
configure:2944: gcc -E  conftest.c
configure:2950: $? = 0
configure:2981: gcc -E  conftest.c
conftest.c:8:28: fatal error: ac_nonexistent.h: No such file or directory
compilation terminated.
configure:2987: $? = 1
configure: failed program was:
| /* confdefs.h.  */
| #define PACKAGE_NAME "md5"
| #define PACKAGE_TARNAME "md5"
| #define PACKAGE_VERSION "1.3.0"
| #define PACKAGE_STRING "md5 1.3.0"
| #define PACKAGE_BUGREPORT "http://256.com/sources/md5/"
| /* end confdefs.h.  */
| #include <ac_nonexistent.h>
configure:3025: checking for grep that handles long lines and -e
configure:3099: result: /bin/grep
configure:3104: checking for egrep
configure:3182: result: /bin/grep -E
configure:3187: checking for ANSI C header files
configure:3217: gcc -c -g -O2  conftest.c >&5
configure:3223: $? = 0
configure:3322: gcc -o conftest -g -O2   conftest.c  >&5
configure:3325: $? = 0
configure:3331: ./conftest
configure:3334: $? = 0
configure:3351: result: yes
configure:3367: checking endian-ness
configure:3393: gcc -o conftest -g -O2   conftest.c  >&5
configure:3396: $? = 0
configure:3402: ./conftest
configure:3405: $? = 0
configure:3410: result: little
configure:3531: creating ./config.status

## ---------------------- ##
## Running config.status. ##
## ---------------------- ##

This file was extended by md5 config.status 1.3.0, which was
generated by GNU Autoconf 2.61.  Invocation command line was

  CONFIG_FILES    = 
  CONFIG_HEADERS  = 
  CONFIG_LINKS    = 
  CONFIG_COMMANDS = 
  $ ./config.status 

on nazgul

config.status:596: creating Makefile
config.status:596: creating conf.h
configure:4532: 
configure:4534: To run the library tests, type in:
configure:4536:   make tests
configure:4538: 

## ---------------- ##
## Cache variables. ##
## ---------------- ##

ac_cv_c_compiler_gnu=yes
ac_cv_env_CC_set=
ac_cv_env_CC_value=
ac_cv_env_CFLAGS_set=
ac_cv_env_CFLAGS_value=
ac_cv_env_CPPFLAGS_set=
ac_cv_env_CPPFLAGS_value=
ac_cv_env_CPP_set=
ac_cv_env_CPP_value=
ac_cv_env_LDFLAGS_set=
ac_cv_env_LDFLAGS_value=
ac_cv_env_LIBS_set=
ac_cv_env_LIBS_value=
ac_cv_env_build_alias_set=
ac_cv_env_build_alias_value=
ac_cv_env_host_alias_set=
ac_cv_env_host_alias_value=
ac_cv_env_target_alias_set=
ac_cv_env_target_alias_value=
ac_cv_header_stdc=yes
ac_cv_objext=o
ac_cv_path_EGREP='/bin/grep -E'
ac_cv_path_GREP=/bin/grep
ac_cv_path_install='/usr/bin/install -c'
ac_cv_prog_CPP='gcc -E'
ac_cv_prog_ac_ct_CC=gcc
ac_cv_prog_ac_ct_RANLIB=ranlib
ac_cv_prog_cc_c89=
ac_cv_prog_cc_g=yes

## ----------------- ##
## Output variables. ##
## ----------------- ##

CC='gcc'
CFLAGS='-g -O2'
CPP='gcc -E'
CPPFLAGS=''
DEFS='-DHAVE_CONFIG_H'
ECHO_C=''
ECHO_N='-n'
ECHO_T=''
EGREP='/bin/grep -E'
EXEEXT=''
GREP='/bin/grep'
INSTALL_DATA='${INSTALL} -m 644'
INSTALL_PROGRAM='${INSTALL}'
INSTALL_SCRIPT='${INSTALL}'
LDFLAGS=''
LIBOBJS=''
LIBS=''
LTLIBOBJS=''
OBJEXT='o'
PACKAGE_BUGREPORT='http://256.com/sources/md5/'
PACKAGE_NAME='md5'
PACKAGE_STRING='md5 1.3.0'
PACKAGE_TARNAME='md5'
PACKAGE_VERSION='1.3.0'
PATH_SEPARATOR=':'
RANLIB='ranlib'
SHELL='/bin/sh'
ac_ct_CC='gcc'
bindir='${exec_prefix}/bin'
build_alias=''
datadir='${datarootdir}'
datarootdir='${prefix}/share'
docdir='${datarootdir}/doc/${PACKAGE_TARNAME}'
dvidir='${docdir}'
exec_prefix='${prefix}'
host_alias=''
htmldir='${docdir}'
includedir='${prefix}/include'
infodir='${datarootdir}/info'
libdir='${exec_prefix}/lib'
libexecdir='${exec_prefix}/libexec'
localedir='${datarootdir}/locale'
localstatedir='${prefix}/var'
mandir='${datarootdir}/man'
oldincludedir='/usr/include'
pdfdir='${docdir}'
prefix='/usr/local'
program_transform_name='s,x,x,'
psdir='${docdir}'
sbindir='${exec_prefix}/sbin'
sharedstatedir='${prefix}/com'
sysconfdir='${prefix}/etc'
target_alias=''

## ----------- ##
## confdefs.h. ##
## ----------- ##

#define PACKAGE_NAME "md5"
#define PACKAGE_TARNAME "md5"
#define PACKAGE_VERSION "1.3.0"
#define PACKAGE_STRING "md5 1.3.0"
#define PACKAGE_BUGREPORT "http://256.com/sources/md5/"
#define STDC_HEADERS 1
#define MD5_BIG_ENDIAN 0

configure: exit 0
